[debug] [2024-12-01T21:41:30.162Z] ----------------------------------------------------------------------
[debug] [2024-12-01T21:41:30.165Z] Command:       C:\Program Files\nodejs\node.exe C:\Users\abderrahmane\AppData\Roaming\npm\node_modules\firebase-tools\lib\bin\firebase.js init
[debug] [2024-12-01T21:41:30.166Z] CLI Version:   13.27.0
[debug] [2024-12-01T21:41:30.166Z] Platform:      win32
[debug] [2024-12-01T21:41:30.166Z] Node Version:  v22.11.0
[debug] [2024-12-01T21:41:30.166Z] Time:          Sun Dec 01 2024 22:41:30 GMT+0100 (Central European Standard Time)
[debug] [2024-12-01T21:41:30.166Z] ----------------------------------------------------------------------
[debug] 
[debug] [2024-12-01T21:41:30.173Z] > command requires scopes: ["email","openid","https://www.googleapis.com/auth/cloudplatformprojects.readonly","https://www.googleapis.com/auth/firebase","https://www.googleapis.com/auth/cloud-platform"]
[debug] [2024-12-01T21:41:30.174Z] > authorizing via signed-in user (imloulirealmadrid2006@gmail.com)
[info] 
     ######## #### ########  ######## ########     ###     ######  ########
     ##        ##  ##     ## ##       ##     ##  ##   ##  ##       ##
     ######    ##  ########  ######   ########  #########  ######  ######
     ##        ##  ##    ##  ##       ##     ## ##     ##       ## ##
     ##       #### ##     ## ######## ########  ##     ##  ######  ########

You're about to initialize a Firebase project in this directory:

  C:\Users\abderrahmane\Documents\programing\web\married

[info] 
=== Project Setup
[info] 
[info] First, let's associate this project directory with a Firebase project.
[info] You can create multiple project aliases by running firebase use --add, 
[info] but for now we'll just set up a default project.
[info] 
[debug] [2024-12-01T21:41:54.171Z] Checked if tokens are valid: true, expires at: 1733092713740
[debug] [2024-12-01T21:41:54.171Z] Checked if tokens are valid: true, expires at: 1733092713740
[debug] [2024-12-01T21:41:54.172Z] >>> [apiv2][query] GET https://firebase.googleapis.com/v1beta1/projects pageSize=100
[debug] [2024-12-01T21:41:54.892Z] <<< [apiv2][status] GET https://firebase.googleapis.com/v1beta1/projects 200
[debug] [2024-12-01T21:41:54.892Z] <<< [apiv2][body] GET https://firebase.googleapis.com/v1beta1/projects [omitted]
[info] i  Using project yousraaymenwedding (YousraAymenWedding) 
[info] 
=== Firestore Setup
[debug] [2024-12-01T21:41:59.200Z] Checked if tokens are valid: true, expires at: 1733092713740
[debug] [2024-12-01T21:41:59.200Z] Checked if tokens are valid: true, expires at: 1733092713740
[debug] [2024-12-01T21:41:59.200Z] >>> [apiv2][query] GET https://serviceusage.googleapis.com/v1/projects/yousraaymenwedding/services/firestore.googleapis.com [none]
[debug] [2024-12-01T21:41:59.200Z] >>> [apiv2][(partial)header] GET https://serviceusage.googleapis.com/v1/projects/yousraaymenwedding/services/firestore.googleapis.com x-goog-quota-user=projects/yousraaymenwedding
[debug] [2024-12-01T21:42:00.372Z] <<< [apiv2][status] GET https://serviceusage.googleapis.com/v1/projects/yousraaymenwedding/services/firestore.googleapis.com 200
[debug] [2024-12-01T21:42:00.373Z] <<< [apiv2][body] GET https://serviceusage.googleapis.com/v1/projects/yousraaymenwedding/services/firestore.googleapis.com [omitted]
[debug] [2024-12-01T21:42:00.374Z] Checked if tokens are valid: true, expires at: 1733092713740
[debug] [2024-12-01T21:42:00.374Z] Checked if tokens are valid: true, expires at: 1733092713740
[debug] [2024-12-01T21:42:00.374Z] >>> [apiv2][query] GET https://firestore.googleapis.com/v1/projects/yousraaymenwedding/databases/(default) [none]
[debug] [2024-12-01T21:42:01.412Z] <<< [apiv2][status] GET https://firestore.googleapis.com/v1/projects/yousraaymenwedding/databases/(default) 200
[debug] [2024-12-01T21:42:01.413Z] <<< [apiv2][body] GET https://firestore.googleapis.com/v1/projects/yousraaymenwedding/databases/(default) {"name":"projects/yousraaymenwedding/databases/(default)","uid":"f21c27d5-aafe-4728-8d69-7c64b1e1331e","createTime":"2024-12-01T22:10:35.689011Z","updateTime":"2024-12-01T22:10:35.689011Z","locationId":"nam5","type":"FIRESTORE_NATIVE","concurrencyMode":"PESSIMISTIC","versionRetentionPeriod":"3600s","earliestVersionTime":"2024-12-01T22:10:35.689011Z","appEngineIntegrationMode":"DISABLED","keyPrefix":"s","pointInTimeRecoveryEnablement":"POINT_IN_TIME_RECOVERY_DISABLED","deleteProtectionState":"DELETE_PROTECTION_DISABLED","etag":"IJiSvZ/Sh4oDMNbexfPLh4oD"}
[debug] [2024-12-01T21:42:01.413Z] database_type: FIRESTORE_NATIVE
[debug] [2024-12-01T21:42:01.413Z] database_type: FIRESTORE_NATIVE
[debug] [2024-12-01T21:42:01.414Z] > command requires scopes: ["email","openid","https://www.googleapis.com/auth/cloudplatformprojects.readonly","https://www.googleapis.com/auth/firebase","https://www.googleapis.com/auth/cloud-platform"]
[debug] [2024-12-01T21:42:01.414Z] > authorizing via signed-in user (imloulirealmadrid2006@gmail.com)
[debug] [2024-12-01T21:42:01.414Z] [iam] checking project yousraaymenwedding for permissions ["firebase.projects.get"]
[debug] [2024-12-01T21:42:01.415Z] Checked if tokens are valid: true, expires at: 1733092713740
[debug] [2024-12-01T21:42:01.416Z] Checked if tokens are valid: true, expires at: 1733092713740
[debug] [2024-12-01T21:42:01.416Z] >>> [apiv2][query] POST https://cloudresourcemanager.googleapis.com/v1/projects/yousraaymenwedding:testIamPermissions [none]
[debug] [2024-12-01T21:42:01.416Z] >>> [apiv2][(partial)header] POST https://cloudresourcemanager.googleapis.com/v1/projects/yousraaymenwedding:testIamPermissions x-goog-quota-user=projects/yousraaymenwedding
[debug] [2024-12-01T21:42:01.416Z] >>> [apiv2][body] POST https://cloudresourcemanager.googleapis.com/v1/projects/yousraaymenwedding:testIamPermissions {"permissions":["firebase.projects.get"]}
[debug] [2024-12-01T21:42:02.670Z] <<< [apiv2][status] POST https://cloudresourcemanager.googleapis.com/v1/projects/yousraaymenwedding:testIamPermissions 200
[debug] [2024-12-01T21:42:02.670Z] <<< [apiv2][body] POST https://cloudresourcemanager.googleapis.com/v1/projects/yousraaymenwedding:testIamPermissions {"permissions":["firebase.projects.get"]}
[info] 
[info] Firestore Security Rules allow you to define how and when to allow
[info] requests. You can keep these rules in your project directory
[info] and publish them with firebase deploy.
[info] 
[debug] [2024-12-01T21:42:44.956Z] Checked if tokens are valid: true, expires at: 1733092713740
[debug] [2024-12-01T21:42:44.956Z] Checked if tokens are valid: true, expires at: 1733092713740
[debug] [2024-12-01T21:42:44.957Z] >>> [apiv2][query] GET https://firebaserules.googleapis.com/v1/projects/yousraaymenwedding/releases pageSize=10&pageToken=
[debug] [2024-12-01T21:42:45.902Z] <<< [apiv2][status] GET https://firebaserules.googleapis.com/v1/projects/yousraaymenwedding/releases 200
[debug] [2024-12-01T21:42:45.902Z] <<< [apiv2][body] GET https://firebaserules.googleapis.com/v1/projects/yousraaymenwedding/releases {"releases":[{"name":"projects/yousraaymenwedding/releases/cloud.firestore","rulesetName":"projects/yousraaymenwedding/rulesets/01907f17-3325-4f62-85ee-381f86f544a5","createTime":"2024-12-01T22:10:42.660731Z","updateTime":"2024-12-01T22:10:42.660731Z"}]}
[debug] [2024-12-01T21:42:45.903Z] Found ruleset: projects/yousraaymenwedding/rulesets/01907f17-3325-4f62-85ee-381f86f544a5
[debug] [2024-12-01T21:42:45.903Z] Checked if tokens are valid: true, expires at: 1733092713740
[debug] [2024-12-01T21:42:45.903Z] Checked if tokens are valid: true, expires at: 1733092713740
[debug] [2024-12-01T21:42:45.904Z] >>> [apiv2][query] GET https://firebaserules.googleapis.com/v1/projects/yousraaymenwedding/rulesets/01907f17-3325-4f62-85ee-381f86f544a5 [none]
[debug] [2024-12-01T21:42:46.607Z] <<< [apiv2][status] GET https://firebaserules.googleapis.com/v1/projects/yousraaymenwedding/rulesets/01907f17-3325-4f62-85ee-381f86f544a5 200
[debug] [2024-12-01T21:42:46.607Z] <<< [apiv2][body] GET https://firebaserules.googleapis.com/v1/projects/yousraaymenwedding/rulesets/01907f17-3325-4f62-85ee-381f86f544a5 [omitted]
[info] 
[info] Firestore indexes allow you to perform complex queries while
[info] maintaining performance that scales with the size of the result
[info] set. You can keep index definitions in your project directory
[info] and publish them with firebase deploy.
[info] 
[debug] [2024-12-01T21:43:34.925Z] Checked if tokens are valid: true, expires at: 1733092713740
[debug] [2024-12-01T21:43:34.925Z] Checked if tokens are valid: true, expires at: 1733092713740
[debug] [2024-12-01T21:43:34.925Z] Checked if tokens are valid: true, expires at: 1733092713740
[debug] [2024-12-01T21:43:34.925Z] Checked if tokens are valid: true, expires at: 1733092713740
[debug] [2024-12-01T21:43:34.925Z] >>> [apiv2][query] GET https://firestore.googleapis.com/v1/projects/yousraaymenwedding/databases/(default)/collectionGroups/-/indexes [none]
[debug] [2024-12-01T21:43:34.929Z] >>> [apiv2][query] GET https://firestore.googleapis.com/v1/projects/yousraaymenwedding/databases/(default)/collectionGroups/-/fields?filter=indexConfig.usesAncestorConfig=false OR ttlConfig:* [none]
[debug] [2024-12-01T21:43:35.912Z] <<< [apiv2][status] GET https://firestore.googleapis.com/v1/projects/yousraaymenwedding/databases/(default)/collectionGroups/-/indexes 200
[debug] [2024-12-01T21:43:35.912Z] <<< [apiv2][body] GET https://firestore.googleapis.com/v1/projects/yousraaymenwedding/databases/(default)/collectionGroups/-/indexes {}
[debug] [2024-12-01T21:43:35.920Z] <<< [apiv2][status] GET https://firestore.googleapis.com/v1/projects/yousraaymenwedding/databases/(default)/collectionGroups/-/fields?filter=indexConfig.usesAncestorConfig=false OR ttlConfig:* 200
[debug] [2024-12-01T21:43:35.920Z] <<< [apiv2][body] GET https://firestore.googleapis.com/v1/projects/yousraaymenwedding/databases/(default)/collectionGroups/-/fields?filter=indexConfig.usesAncestorConfig=false OR ttlConfig:* {"fields":[{"name":"projects/yousraaymenwedding/databases/(default)/collectionGroups/__default__/fields/*","indexConfig":{"indexes":[{"queryScope":"COLLECTION","fields":[{"fieldPath":"*","order":"ASCENDING"}],"state":"READY"},{"queryScope":"COLLECTION","fields":[{"fieldPath":"*","order":"DESCENDING"}],"state":"READY"},{"queryScope":"COLLECTION","fields":[{"fieldPath":"*","arrayConfig":"CONTAINS"}],"state":"READY"}]}}]}
[info] 
=== Hosting Setup
[debug] [2024-12-01T21:43:35.927Z] Checked if tokens are valid: true, expires at: 1733092713740
[debug] [2024-12-01T21:43:35.927Z] Checked if tokens are valid: true, expires at: 1733092713740
[debug] [2024-12-01T21:43:35.927Z] >>> [apiv2][query] GET https://firebase.googleapis.com/v1beta1/projects/yousraaymenwedding [none]
[debug] [2024-12-01T21:43:36.306Z] <<< [apiv2][status] GET https://firebase.googleapis.com/v1beta1/projects/yousraaymenwedding 200
[debug] [2024-12-01T21:43:36.307Z] <<< [apiv2][body] GET https://firebase.googleapis.com/v1beta1/projects/yousraaymenwedding {"projectId":"yousraaymenwedding","projectNumber":"695844665886","displayName":"YousraAymenWedding","name":"projects/yousraaymenwedding","resources":{"hostingSite":"yousraaymenwedding"},"state":"ACTIVE","etag":"1_367075cd-6dd8-4da3-81dc-9c0ab0122950"}
[info] 
[info] Your public directory is the folder (relative to your project directory) that
[info] will contain Hosting assets to be uploaded with firebase deploy. If you
[info] have a build process for your assets, use your build's output directory.
[info] 
[debug] [2024-12-01T21:44:19.508Z] >>> [apiv2][query] GET https://www.gstatic.com/firebasejs/releases.json [none]
[debug] [2024-12-01T21:44:19.792Z] <<< [apiv2][status] GET https://www.gstatic.com/firebasejs/releases.json 200
[debug] [2024-12-01T21:44:19.793Z] <<< [apiv2][body] GET https://www.gstatic.com/firebasejs/releases.json {"current":{"version":"11.0.2","browserURL":"https://www.gstatic.com/firebasejs/11.0.2/firebase.js","packageURL":"https://www.gstatic.com/firebasejs/11.0.2/firebase.tgz"},"live":{"version":"11.0","browserURL":"https://www.gstatic.com/firebasejs/live/11.0/firebase.js","packageURL":"https://www.gstatic.com/firebasejs/live/11.0/firebase.tgz"},"components":{"analytics":"https://www.gstatic.com/firebasejs/11.0.2/firebase-analytics.js","app":"https://www.gstatic.com/firebasejs/11.0.2/firebase-app.js","app-check":"https://www.gstatic.com/firebasejs/11.0.2/firebase-app-check.js","auth":"https://www.gstatic.com/firebasejs/11.0.2/firebase-auth.js","auth/cordova":"https://www.gstatic.com/firebasejs/11.0.2/firebase-auth/cordova.js","auth/web-extension":"https://www.gstatic.com/firebasejs/11.0.2/firebase-auth/web-extension.js","functions":"https://www.gstatic.com/firebasejs/11.0.2/firebase-functions.js","firestore":"https://www.gstatic.com/firebasejs/11.0.2/firebase-firestore.js","firestore/lite":"https://www.gstatic.com/firebasejs/11.0.2/firebase-firestore/lite.js","installations":"https://www.gstatic.com/firebasejs/11.0.2/firebase-installations.js","storage":"https://www.gstatic.com/firebasejs/11.0.2/firebase-storage.js","performance":"https://www.gstatic.com/firebasejs/11.0.2/firebase-performance.js","remote-config":"https://www.gstatic.com/firebasejs/11.0.2/firebase-remote-config.js","messaging":"https://www.gstatic.com/firebasejs/11.0.2/firebase-messaging.js","messaging/sw":"https://www.gstatic.com/firebasejs/11.0.2/firebase-messaging/sw.js","database":"https://www.gstatic.com/firebasejs/11.0.2/firebase-database.js","vertexai":"https://www.gstatic.com/firebasejs/11.0.2/firebase-vertexai.js","data-connect":"https://www.gstatic.com/firebasejs/11.0.2/firebase-data-connect.js","firestore.memory":"https://www.gstatic.com/firebasejs/11.0.2/firebase-firestore.memory.js"}}
[debug] [2024-12-01T21:44:20.093Z] Error: ENOTDIR: not a directory, scandir 'C:\Users\abderrahmane\Documents\programing\web\married\public'
    at Object.readdirSync (node:fs:1502:26)
    at Object.createFileSync (C:\Users\abderrahmane\AppData\Roaming\npm\node_modules\firebase-tools\node_modules\fs-extra\lib\ensure\file.js:55:10)
    at Config.writeProjectFile (C:\Users\abderrahmane\AppData\Roaming\npm\node_modules\firebase-tools\lib\config.js:159:12)
    at C:\Users\abderrahmane\AppData\Roaming\npm\node_modules\firebase-tools\lib\config.js:193:22
    at process.processTicksAndRejections (node:internal/process/task_queues:105:5)
    at async doSetup (C:\Users\abderrahmane\AppData\Roaming\npm\node_modules\firebase-tools\lib\init\features\hosting\index.js:177:9)
    at async init (C:\Users\abderrahmane\AppData\Roaming\npm\node_modules\firebase-tools\lib\init\index.js:41:9)
[error] 
[error] Error: An unexpected error has occurred.
[debug] [2024-12-01T21:44:31.230Z] ----------------------------------------------------------------------
[debug] [2024-12-01T21:44:31.232Z] Command:       C:\Program Files\nodejs\node.exe C:\Users\abderrahmane\AppData\Roaming\npm\node_modules\firebase-tools\lib\bin\firebase.js init
[debug] [2024-12-01T21:44:31.233Z] CLI Version:   13.27.0
[debug] [2024-12-01T21:44:31.233Z] Platform:      win32
[debug] [2024-12-01T21:44:31.233Z] Node Version:  v22.11.0
[debug] [2024-12-01T21:44:31.234Z] Time:          Sun Dec 01 2024 22:44:31 GMT+0100 (Central European Standard Time)
[debug] [2024-12-01T21:44:31.234Z] ----------------------------------------------------------------------
[debug] 
[debug] [2024-12-01T21:44:31.242Z] > command requires scopes: ["email","openid","https://www.googleapis.com/auth/cloudplatformprojects.readonly","https://www.googleapis.com/auth/firebase","https://www.googleapis.com/auth/cloud-platform"]
[debug] [2024-12-01T21:44:31.242Z] > authorizing via signed-in user (imloulirealmadrid2006@gmail.com)
[info] 
     ######## #### ########  ######## ########     ###     ######  ########
     ##        ##  ##     ## ##       ##     ##  ##   ##  ##       ##
     ######    ##  ########  ######   ########  #########  ######  ######
     ##        ##  ##    ##  ##       ##     ## ##     ##       ## ##
     ##       #### ##     ## ######## ########  ##     ##  ######  ########

You're about to initialize a Firebase project in this directory:

  C:\Users\abderrahmane\Documents\programing\web\married

[info] 
=== Project Setup
[info] 
[info] First, let's associate this project directory with a Firebase project.
[info] You can create multiple project aliases by running firebase use --add, 
[info] but for now we'll just set up a default project.
[info] 
[debug] [2024-12-01T21:44:45.457Z] Checked if tokens are valid: true, expires at: 1733092713740
[debug] [2024-12-01T21:44:45.457Z] Checked if tokens are valid: true, expires at: 1733092713740
[debug] [2024-12-01T21:44:45.460Z] >>> [apiv2][query] GET https://firebase.googleapis.com/v1beta1/projects pageSize=100
[debug] [2024-12-01T21:44:46.029Z] <<< [apiv2][status] GET https://firebase.googleapis.com/v1beta1/projects 200
[debug] [2024-12-01T21:44:46.029Z] <<< [apiv2][body] GET https://firebase.googleapis.com/v1beta1/projects [omitted]
[info] i  Using project yousraaymenwedding (YousraAymenWedding) 
[info] 
=== Firestore Setup
[debug] [2024-12-01T21:44:49.149Z] Checked if tokens are valid: true, expires at: 1733092713740
[debug] [2024-12-01T21:44:49.149Z] Checked if tokens are valid: true, expires at: 1733092713740
[debug] [2024-12-01T21:44:49.150Z] >>> [apiv2][query] GET https://serviceusage.googleapis.com/v1/projects/yousraaymenwedding/services/firestore.googleapis.com [none]
[debug] [2024-12-01T21:44:49.150Z] >>> [apiv2][(partial)header] GET https://serviceusage.googleapis.com/v1/projects/yousraaymenwedding/services/firestore.googleapis.com x-goog-quota-user=projects/yousraaymenwedding
[debug] [2024-12-01T21:44:50.159Z] <<< [apiv2][status] GET https://serviceusage.googleapis.com/v1/projects/yousraaymenwedding/services/firestore.googleapis.com 200
[debug] [2024-12-01T21:44:50.159Z] <<< [apiv2][body] GET https://serviceusage.googleapis.com/v1/projects/yousraaymenwedding/services/firestore.googleapis.com [omitted]
[debug] [2024-12-01T21:44:50.160Z] Checked if tokens are valid: true, expires at: 1733092713740
[debug] [2024-12-01T21:44:50.160Z] Checked if tokens are valid: true, expires at: 1733092713740
[debug] [2024-12-01T21:44:50.160Z] >>> [apiv2][query] GET https://firestore.googleapis.com/v1/projects/yousraaymenwedding/databases/(default) [none]
[debug] [2024-12-01T21:44:51.103Z] <<< [apiv2][status] GET https://firestore.googleapis.com/v1/projects/yousraaymenwedding/databases/(default) 200
[debug] [2024-12-01T21:44:51.103Z] <<< [apiv2][body] GET https://firestore.googleapis.com/v1/projects/yousraaymenwedding/databases/(default) {"name":"projects/yousraaymenwedding/databases/(default)","uid":"f21c27d5-aafe-4728-8d69-7c64b1e1331e","createTime":"2024-12-01T22:10:35.689011Z","updateTime":"2024-12-01T22:10:35.689011Z","locationId":"nam5","type":"FIRESTORE_NATIVE","concurrencyMode":"PESSIMISTIC","versionRetentionPeriod":"3600s","earliestVersionTime":"2024-12-01T22:10:35.689011Z","appEngineIntegrationMode":"DISABLED","keyPrefix":"s","pointInTimeRecoveryEnablement":"POINT_IN_TIME_RECOVERY_DISABLED","deleteProtectionState":"DELETE_PROTECTION_DISABLED","etag":"IPWQsvDSh4oDMNbexfPLh4oD"}
[debug] [2024-12-01T21:44:51.104Z] database_type: FIRESTORE_NATIVE
[debug] [2024-12-01T21:44:51.104Z] database_type: FIRESTORE_NATIVE
[debug] [2024-12-01T21:44:51.104Z] > command requires scopes: ["email","openid","https://www.googleapis.com/auth/cloudplatformprojects.readonly","https://www.googleapis.com/auth/firebase","https://www.googleapis.com/auth/cloud-platform"]
[debug] [2024-12-01T21:44:51.105Z] > authorizing via signed-in user (imloulirealmadrid2006@gmail.com)
[debug] [2024-12-01T21:44:51.105Z] [iam] checking project yousraaymenwedding for permissions ["firebase.projects.get"]
[debug] [2024-12-01T21:44:51.106Z] Checked if tokens are valid: true, expires at: 1733092713740
[debug] [2024-12-01T21:44:51.106Z] Checked if tokens are valid: true, expires at: 1733092713740
[debug] [2024-12-01T21:44:51.106Z] >>> [apiv2][query] POST https://cloudresourcemanager.googleapis.com/v1/projects/yousraaymenwedding:testIamPermissions [none]
[debug] [2024-12-01T21:44:51.106Z] >>> [apiv2][(partial)header] POST https://cloudresourcemanager.googleapis.com/v1/projects/yousraaymenwedding:testIamPermissions x-goog-quota-user=projects/yousraaymenwedding
[debug] [2024-12-01T21:44:51.106Z] >>> [apiv2][body] POST https://cloudresourcemanager.googleapis.com/v1/projects/yousraaymenwedding:testIamPermissions {"permissions":["firebase.projects.get"]}
[debug] [2024-12-01T21:44:51.965Z] <<< [apiv2][status] POST https://cloudresourcemanager.googleapis.com/v1/projects/yousraaymenwedding:testIamPermissions 200
[debug] [2024-12-01T21:44:51.966Z] <<< [apiv2][body] POST https://cloudresourcemanager.googleapis.com/v1/projects/yousraaymenwedding:testIamPermissions {"permissions":["firebase.projects.get"]}
[info] 
[info] Firestore Security Rules allow you to define how and when to allow
[info] requests. You can keep these rules in your project directory
[info] and publish them with firebase deploy.
[info] 
[debug] [2024-12-01T21:45:17.074Z] Checked if tokens are valid: true, expires at: 1733092713740
[debug] [2024-12-01T21:45:17.075Z] Checked if tokens are valid: true, expires at: 1733092713740
[debug] [2024-12-01T21:45:17.075Z] >>> [apiv2][query] GET https://firebaserules.googleapis.com/v1/projects/yousraaymenwedding/releases pageSize=10&pageToken=
[debug] [2024-12-01T21:45:17.963Z] <<< [apiv2][status] GET https://firebaserules.googleapis.com/v1/projects/yousraaymenwedding/releases 200
[debug] [2024-12-01T21:45:17.964Z] <<< [apiv2][body] GET https://firebaserules.googleapis.com/v1/projects/yousraaymenwedding/releases {"releases":[{"name":"projects/yousraaymenwedding/releases/cloud.firestore","rulesetName":"projects/yousraaymenwedding/rulesets/01907f17-3325-4f62-85ee-381f86f544a5","createTime":"2024-12-01T22:10:42.660731Z","updateTime":"2024-12-01T22:10:42.660731Z"}]}
[debug] [2024-12-01T21:45:17.964Z] Found ruleset: projects/yousraaymenwedding/rulesets/01907f17-3325-4f62-85ee-381f86f544a5
[debug] [2024-12-01T21:45:17.964Z] Checked if tokens are valid: true, expires at: 1733092713740
[debug] [2024-12-01T21:45:17.965Z] Checked if tokens are valid: true, expires at: 1733092713740
[debug] [2024-12-01T21:45:17.965Z] >>> [apiv2][query] GET https://firebaserules.googleapis.com/v1/projects/yousraaymenwedding/rulesets/01907f17-3325-4f62-85ee-381f86f544a5 [none]
[debug] [2024-12-01T21:45:18.672Z] <<< [apiv2][status] GET https://firebaserules.googleapis.com/v1/projects/yousraaymenwedding/rulesets/01907f17-3325-4f62-85ee-381f86f544a5 200
[debug] [2024-12-01T21:45:18.672Z] <<< [apiv2][body] GET https://firebaserules.googleapis.com/v1/projects/yousraaymenwedding/rulesets/01907f17-3325-4f62-85ee-381f86f544a5 [omitted]
[info] 
[info] Firestore indexes allow you to perform complex queries while
[info] maintaining performance that scales with the size of the result
[info] set. You can keep index definitions in your project directory
[info] and publish them with firebase deploy.
[info] 
[debug] [2024-12-01T21:45:46.636Z] Checked if tokens are valid: true, expires at: 1733092713740
[debug] [2024-12-01T21:45:46.636Z] Checked if tokens are valid: true, expires at: 1733092713740
[debug] [2024-12-01T21:45:46.637Z] Checked if tokens are valid: true, expires at: 1733092713740
[debug] [2024-12-01T21:45:46.637Z] Checked if tokens are valid: true, expires at: 1733092713740
[debug] [2024-12-01T21:45:46.637Z] >>> [apiv2][query] GET https://firestore.googleapis.com/v1/projects/yousraaymenwedding/databases/(default)/collectionGroups/-/indexes [none]
[debug] [2024-12-01T21:45:46.641Z] >>> [apiv2][query] GET https://firestore.googleapis.com/v1/projects/yousraaymenwedding/databases/(default)/collectionGroups/-/fields?filter=indexConfig.usesAncestorConfig=false OR ttlConfig:* [none]
[debug] [2024-12-01T21:45:47.581Z] <<< [apiv2][status] GET https://firestore.googleapis.com/v1/projects/yousraaymenwedding/databases/(default)/collectionGroups/-/fields?filter=indexConfig.usesAncestorConfig=false OR ttlConfig:* 200
[debug] [2024-12-01T21:45:47.581Z] <<< [apiv2][body] GET https://firestore.googleapis.com/v1/projects/yousraaymenwedding/databases/(default)/collectionGroups/-/fields?filter=indexConfig.usesAncestorConfig=false OR ttlConfig:* {"fields":[{"name":"projects/yousraaymenwedding/databases/(default)/collectionGroups/__default__/fields/*","indexConfig":{"indexes":[{"queryScope":"COLLECTION","fields":[{"fieldPath":"*","order":"ASCENDING"}],"state":"READY"},{"queryScope":"COLLECTION","fields":[{"fieldPath":"*","order":"DESCENDING"}],"state":"READY"},{"queryScope":"COLLECTION","fields":[{"fieldPath":"*","arrayConfig":"CONTAINS"}],"state":"READY"}]}}]}
[debug] [2024-12-01T21:45:47.632Z] <<< [apiv2][status] GET https://firestore.googleapis.com/v1/projects/yousraaymenwedding/databases/(default)/collectionGroups/-/indexes 200
[debug] [2024-12-01T21:45:47.632Z] <<< [apiv2][body] GET https://firestore.googleapis.com/v1/projects/yousraaymenwedding/databases/(default)/collectionGroups/-/indexes {}
[info] 
=== Hosting Setup
[debug] [2024-12-01T21:45:47.636Z] Checked if tokens are valid: true, expires at: 1733092713740
[debug] [2024-12-01T21:45:47.637Z] Checked if tokens are valid: true, expires at: 1733092713740
[debug] [2024-12-01T21:45:47.637Z] >>> [apiv2][query] GET https://firebase.googleapis.com/v1beta1/projects/yousraaymenwedding [none]
[debug] [2024-12-01T21:45:48.087Z] <<< [apiv2][status] GET https://firebase.googleapis.com/v1beta1/projects/yousraaymenwedding 200
[debug] [2024-12-01T21:45:48.087Z] <<< [apiv2][body] GET https://firebase.googleapis.com/v1beta1/projects/yousraaymenwedding {"projectId":"yousraaymenwedding","projectNumber":"695844665886","displayName":"YousraAymenWedding","name":"projects/yousraaymenwedding","resources":{"hostingSite":"yousraaymenwedding"},"state":"ACTIVE","etag":"1_367075cd-6dd8-4da3-81dc-9c0ab0122950"}
[info] 
[info] Your public directory is the folder (relative to your project directory) that
[info] will contain Hosting assets to be uploaded with firebase deploy. If you
[info] have a build process for your assets, use your build's output directory.
[info] 
[debug] [2024-12-01T21:46:00.379Z] >>> [apiv2][query] GET https://www.gstatic.com/firebasejs/releases.json [none]
[debug] [2024-12-01T21:46:00.637Z] <<< [apiv2][status] GET https://www.gstatic.com/firebasejs/releases.json 200
[debug] [2024-12-01T21:46:00.637Z] <<< [apiv2][body] GET https://www.gstatic.com/firebasejs/releases.json {"current":{"version":"11.0.2","browserURL":"https://www.gstatic.com/firebasejs/11.0.2/firebase.js","packageURL":"https://www.gstatic.com/firebasejs/11.0.2/firebase.tgz"},"live":{"version":"11.0","browserURL":"https://www.gstatic.com/firebasejs/live/11.0/firebase.js","packageURL":"https://www.gstatic.com/firebasejs/live/11.0/firebase.tgz"},"components":{"analytics":"https://www.gstatic.com/firebasejs/11.0.2/firebase-analytics.js","app":"https://www.gstatic.com/firebasejs/11.0.2/firebase-app.js","app-check":"https://www.gstatic.com/firebasejs/11.0.2/firebase-app-check.js","auth":"https://www.gstatic.com/firebasejs/11.0.2/firebase-auth.js","auth/cordova":"https://www.gstatic.com/firebasejs/11.0.2/firebase-auth/cordova.js","auth/web-extension":"https://www.gstatic.com/firebasejs/11.0.2/firebase-auth/web-extension.js","functions":"https://www.gstatic.com/firebasejs/11.0.2/firebase-functions.js","firestore":"https://www.gstatic.com/firebasejs/11.0.2/firebase-firestore.js","firestore/lite":"https://www.gstatic.com/firebasejs/11.0.2/firebase-firestore/lite.js","installations":"https://www.gstatic.com/firebasejs/11.0.2/firebase-installations.js","storage":"https://www.gstatic.com/firebasejs/11.0.2/firebase-storage.js","performance":"https://www.gstatic.com/firebasejs/11.0.2/firebase-performance.js","remote-config":"https://www.gstatic.com/firebasejs/11.0.2/firebase-remote-config.js","messaging":"https://www.gstatic.com/firebasejs/11.0.2/firebase-messaging.js","messaging/sw":"https://www.gstatic.com/firebasejs/11.0.2/firebase-messaging/sw.js","database":"https://www.gstatic.com/firebasejs/11.0.2/firebase-database.js","vertexai":"https://www.gstatic.com/firebasejs/11.0.2/firebase-vertexai.js","data-connect":"https://www.gstatic.com/firebasejs/11.0.2/firebase-data-connect.js","firestore.memory":"https://www.gstatic.com/firebasejs/11.0.2/firebase-firestore.memory.js"}}
[debug] [2024-12-01T21:46:00.865Z] Error: ENOTDIR: not a directory, scandir 'C:\Users\abderrahmane\Documents\programing\web\married\public'
    at Object.readdirSync (node:fs:1502:26)
    at Object.createFileSync (C:\Users\abderrahmane\AppData\Roaming\npm\node_modules\firebase-tools\node_modules\fs-extra\lib\ensure\file.js:55:10)
    at Config.writeProjectFile (C:\Users\abderrahmane\AppData\Roaming\npm\node_modules\firebase-tools\lib\config.js:159:12)
    at C:\Users\abderrahmane\AppData\Roaming\npm\node_modules\firebase-tools\lib\config.js:193:22
    at process.processTicksAndRejections (node:internal/process/task_queues:105:5)
    at async doSetup (C:\Users\abderrahmane\AppData\Roaming\npm\node_modules\firebase-tools\lib\init\features\hosting\index.js:177:9)
    at async init (C:\Users\abderrahmane\AppData\Roaming\npm\node_modules\firebase-tools\lib\init\index.js:41:9)
[error] 
[error] Error: An unexpected error has occurred.
[debug] [2024-12-01T21:46:12.310Z] ----------------------------------------------------------------------
[debug] [2024-12-01T21:46:12.313Z] Command:       C:\Program Files\nodejs\node.exe C:\Users\abderrahmane\AppData\Roaming\npm\node_modules\firebase-tools\lib\bin\firebase.js init
[debug] [2024-12-01T21:46:12.314Z] CLI Version:   13.27.0
[debug] [2024-12-01T21:46:12.314Z] Platform:      win32
[debug] [2024-12-01T21:46:12.314Z] Node Version:  v22.11.0
[debug] [2024-12-01T21:46:12.314Z] Time:          Sun Dec 01 2024 22:46:12 GMT+0100 (Central European Standard Time)
[debug] [2024-12-01T21:46:12.314Z] ----------------------------------------------------------------------
[debug] 
[debug] [2024-12-01T21:46:12.322Z] > command requires scopes: ["email","openid","https://www.googleapis.com/auth/cloudplatformprojects.readonly","https://www.googleapis.com/auth/firebase","https://www.googleapis.com/auth/cloud-platform"]
[debug] [2024-12-01T21:46:12.322Z] > authorizing via signed-in user (imloulirealmadrid2006@gmail.com)
[info] 
     ######## #### ########  ######## ########     ###     ######  ########
     ##        ##  ##     ## ##       ##     ##  ##   ##  ##       ##
     ######    ##  ########  ######   ########  #########  ######  ######
     ##        ##  ##    ##  ##       ##     ## ##     ##       ## ##
     ##       #### ##     ## ######## ########  ##     ##  ######  ########

You're about to initialize a Firebase project in this directory:

  C:\Users\abderrahmane\Documents\programing\web\married

[info] 
=== Project Setup
[info] 
[info] First, let's associate this project directory with a Firebase project.
[info] You can create multiple project aliases by running firebase use --add, 
[info] but for now we'll just set up a default project.
[info] 
[debug] [2024-12-01T21:46:21.461Z] Checked if tokens are valid: true, expires at: 1733092713740
[debug] [2024-12-01T21:46:21.462Z] Checked if tokens are valid: true, expires at: 1733092713740
[debug] [2024-12-01T21:46:21.464Z] >>> [apiv2][query] GET https://firebase.googleapis.com/v1beta1/projects pageSize=100
[debug] [2024-12-01T21:46:22.054Z] <<< [apiv2][status] GET https://firebase.googleapis.com/v1beta1/projects 200
[debug] [2024-12-01T21:46:22.055Z] <<< [apiv2][body] GET https://firebase.googleapis.com/v1beta1/projects [omitted]
[info] i  Using project yousraaymenwedding (YousraAymenWedding) 
[info] 
=== Firestore Setup
[debug] [2024-12-01T21:46:23.350Z] Checked if tokens are valid: true, expires at: 1733092713740
[debug] [2024-12-01T21:46:23.350Z] Checked if tokens are valid: true, expires at: 1733092713740
[debug] [2024-12-01T21:46:23.351Z] >>> [apiv2][query] GET https://serviceusage.googleapis.com/v1/projects/yousraaymenwedding/services/firestore.googleapis.com [none]
[debug] [2024-12-01T21:46:23.351Z] >>> [apiv2][(partial)header] GET https://serviceusage.googleapis.com/v1/projects/yousraaymenwedding/services/firestore.googleapis.com x-goog-quota-user=projects/yousraaymenwedding
[debug] [2024-12-01T21:46:24.418Z] <<< [apiv2][status] GET https://serviceusage.googleapis.com/v1/projects/yousraaymenwedding/services/firestore.googleapis.com 200
[debug] [2024-12-01T21:46:24.419Z] <<< [apiv2][body] GET https://serviceusage.googleapis.com/v1/projects/yousraaymenwedding/services/firestore.googleapis.com [omitted]
[debug] [2024-12-01T21:46:24.419Z] Checked if tokens are valid: true, expires at: 1733092713740
[debug] [2024-12-01T21:46:24.419Z] Checked if tokens are valid: true, expires at: 1733092713740
[debug] [2024-12-01T21:46:24.420Z] >>> [apiv2][query] GET https://firestore.googleapis.com/v1/projects/yousraaymenwedding/databases/(default) [none]
[debug] [2024-12-01T21:46:25.415Z] <<< [apiv2][status] GET https://firestore.googleapis.com/v1/projects/yousraaymenwedding/databases/(default) 200
[debug] [2024-12-01T21:46:25.415Z] <<< [apiv2][body] GET https://firestore.googleapis.com/v1/projects/yousraaymenwedding/databases/(default) {"name":"projects/yousraaymenwedding/databases/(default)","uid":"f21c27d5-aafe-4728-8d69-7c64b1e1331e","createTime":"2024-12-01T22:10:35.689011Z","updateTime":"2024-12-01T22:10:35.689011Z","locationId":"nam5","type":"FIRESTORE_NATIVE","concurrencyMode":"PESSIMISTIC","versionRetentionPeriod":"3600s","earliestVersionTime":"2024-12-01T22:10:35.689011Z","appEngineIntegrationMode":"DISABLED","keyPrefix":"s","pointInTimeRecoveryEnablement":"POINT_IN_TIME_RECOVERY_DISABLED","deleteProtectionState":"DELETE_PROTECTION_DISABLED","etag":"IPq6rp3Th4oDMNbexfPLh4oD"}
[debug] [2024-12-01T21:46:25.415Z] database_type: FIRESTORE_NATIVE
[debug] [2024-12-01T21:46:25.415Z] database_type: FIRESTORE_NATIVE
[debug] [2024-12-01T21:46:25.416Z] > command requires scopes: ["email","openid","https://www.googleapis.com/auth/cloudplatformprojects.readonly","https://www.googleapis.com/auth/firebase","https://www.googleapis.com/auth/cloud-platform"]
[debug] [2024-12-01T21:46:25.416Z] > authorizing via signed-in user (imloulirealmadrid2006@gmail.com)
[debug] [2024-12-01T21:46:25.416Z] [iam] checking project yousraaymenwedding for permissions ["firebase.projects.get"]
[debug] [2024-12-01T21:46:25.417Z] Checked if tokens are valid: true, expires at: 1733092713740
[debug] [2024-12-01T21:46:25.417Z] Checked if tokens are valid: true, expires at: 1733092713740
[debug] [2024-12-01T21:46:25.417Z] >>> [apiv2][query] POST https://cloudresourcemanager.googleapis.com/v1/projects/yousraaymenwedding:testIamPermissions [none]
[debug] [2024-12-01T21:46:25.418Z] >>> [apiv2][(partial)header] POST https://cloudresourcemanager.googleapis.com/v1/projects/yousraaymenwedding:testIamPermissions x-goog-quota-user=projects/yousraaymenwedding
[debug] [2024-12-01T21:46:25.418Z] >>> [apiv2][body] POST https://cloudresourcemanager.googleapis.com/v1/projects/yousraaymenwedding:testIamPermissions {"permissions":["firebase.projects.get"]}
[debug] [2024-12-01T21:46:26.275Z] <<< [apiv2][status] POST https://cloudresourcemanager.googleapis.com/v1/projects/yousraaymenwedding:testIamPermissions 200
[debug] [2024-12-01T21:46:26.275Z] <<< [apiv2][body] POST https://cloudresourcemanager.googleapis.com/v1/projects/yousraaymenwedding:testIamPermissions {"permissions":["firebase.projects.get"]}
[info] 
[info] Firestore Security Rules allow you to define how and when to allow
[info] requests. You can keep these rules in your project directory
[info] and publish them with firebase deploy.
[info] 
[debug] [2024-12-01T21:46:42.707Z] Checked if tokens are valid: true, expires at: 1733092713740
[debug] [2024-12-01T21:46:42.708Z] Checked if tokens are valid: true, expires at: 1733092713740
[debug] [2024-12-01T21:46:42.708Z] >>> [apiv2][query] GET https://firebaserules.googleapis.com/v1/projects/yousraaymenwedding/releases pageSize=10&pageToken=
[debug] [2024-12-01T21:46:43.594Z] <<< [apiv2][status] GET https://firebaserules.googleapis.com/v1/projects/yousraaymenwedding/releases 200
[debug] [2024-12-01T21:46:43.594Z] <<< [apiv2][body] GET https://firebaserules.googleapis.com/v1/projects/yousraaymenwedding/releases {"releases":[{"name":"projects/yousraaymenwedding/releases/cloud.firestore","rulesetName":"projects/yousraaymenwedding/rulesets/01907f17-3325-4f62-85ee-381f86f544a5","createTime":"2024-12-01T22:10:42.660731Z","updateTime":"2024-12-01T22:10:42.660731Z"}]}
[debug] [2024-12-01T21:46:43.594Z] Found ruleset: projects/yousraaymenwedding/rulesets/01907f17-3325-4f62-85ee-381f86f544a5
[debug] [2024-12-01T21:46:43.595Z] Checked if tokens are valid: true, expires at: 1733092713740
[debug] [2024-12-01T21:46:43.595Z] Checked if tokens are valid: true, expires at: 1733092713740
[debug] [2024-12-01T21:46:43.595Z] >>> [apiv2][query] GET https://firebaserules.googleapis.com/v1/projects/yousraaymenwedding/rulesets/01907f17-3325-4f62-85ee-381f86f544a5 [none]
[debug] [2024-12-01T21:46:44.285Z] <<< [apiv2][status] GET https://firebaserules.googleapis.com/v1/projects/yousraaymenwedding/rulesets/01907f17-3325-4f62-85ee-381f86f544a5 200
[debug] [2024-12-01T21:46:44.286Z] <<< [apiv2][body] GET https://firebaserules.googleapis.com/v1/projects/yousraaymenwedding/rulesets/01907f17-3325-4f62-85ee-381f86f544a5 [omitted]
[info] 
[info] Firestore indexes allow you to perform complex queries while
[info] maintaining performance that scales with the size of the result
[info] set. You can keep index definitions in your project directory
[info] and publish them with firebase deploy.
[info] 
[debug] [2024-12-01T21:47:01.906Z] Checked if tokens are valid: true, expires at: 1733092713740
[debug] [2024-12-01T21:47:01.907Z] Checked if tokens are valid: true, expires at: 1733092713740
[debug] [2024-12-01T21:47:01.907Z] Checked if tokens are valid: true, expires at: 1733092713740
[debug] [2024-12-01T21:47:01.907Z] Checked if tokens are valid: true, expires at: 1733092713740
[debug] [2024-12-01T21:47:01.907Z] >>> [apiv2][query] GET https://firestore.googleapis.com/v1/projects/yousraaymenwedding/databases/(default)/collectionGroups/-/indexes [none]
[debug] [2024-12-01T21:47:01.911Z] >>> [apiv2][query] GET https://firestore.googleapis.com/v1/projects/yousraaymenwedding/databases/(default)/collectionGroups/-/fields?filter=indexConfig.usesAncestorConfig=false OR ttlConfig:* [none]
[debug] [2024-12-01T21:47:02.869Z] <<< [apiv2][status] GET https://firestore.googleapis.com/v1/projects/yousraaymenwedding/databases/(default)/collectionGroups/-/indexes 200
[debug] [2024-12-01T21:47:02.869Z] <<< [apiv2][body] GET https://firestore.googleapis.com/v1/projects/yousraaymenwedding/databases/(default)/collectionGroups/-/indexes {}
[debug] [2024-12-01T21:47:02.870Z] <<< [apiv2][status] GET https://firestore.googleapis.com/v1/projects/yousraaymenwedding/databases/(default)/collectionGroups/-/fields?filter=indexConfig.usesAncestorConfig=false OR ttlConfig:* 200
[debug] [2024-12-01T21:47:02.871Z] <<< [apiv2][body] GET https://firestore.googleapis.com/v1/projects/yousraaymenwedding/databases/(default)/collectionGroups/-/fields?filter=indexConfig.usesAncestorConfig=false OR ttlConfig:* {"fields":[{"name":"projects/yousraaymenwedding/databases/(default)/collectionGroups/__default__/fields/*","indexConfig":{"indexes":[{"queryScope":"COLLECTION","fields":[{"fieldPath":"*","order":"ASCENDING"}],"state":"READY"},{"queryScope":"COLLECTION","fields":[{"fieldPath":"*","order":"DESCENDING"}],"state":"READY"},{"queryScope":"COLLECTION","fields":[{"fieldPath":"*","arrayConfig":"CONTAINS"}],"state":"READY"}]}}]}
[info] 
=== Hosting Setup
[debug] [2024-12-01T21:47:02.875Z] Checked if tokens are valid: true, expires at: 1733092713740
[debug] [2024-12-01T21:47:02.875Z] Checked if tokens are valid: true, expires at: 1733092713740
[debug] [2024-12-01T21:47:02.876Z] >>> [apiv2][query] GET https://firebase.googleapis.com/v1beta1/projects/yousraaymenwedding [none]
[debug] [2024-12-01T21:47:03.226Z] <<< [apiv2][status] GET https://firebase.googleapis.com/v1beta1/projects/yousraaymenwedding 200
[debug] [2024-12-01T21:47:03.226Z] <<< [apiv2][body] GET https://firebase.googleapis.com/v1beta1/projects/yousraaymenwedding {"projectId":"yousraaymenwedding","projectNumber":"695844665886","displayName":"YousraAymenWedding","name":"projects/yousraaymenwedding","resources":{"hostingSite":"yousraaymenwedding"},"state":"ACTIVE","etag":"1_367075cd-6dd8-4da3-81dc-9c0ab0122950"}
[info] 
[info] Your public directory is the folder (relative to your project directory) that
[info] will contain Hosting assets to be uploaded with firebase deploy. If you
[info] have a build process for your assets, use your build's output directory.
[info] 
[debug] [2024-12-01T21:47:10.725Z] >>> [apiv2][query] GET https://www.gstatic.com/firebasejs/releases.json [none]
[debug] [2024-12-01T21:47:10.908Z] <<< [apiv2][status] GET https://www.gstatic.com/firebasejs/releases.json 200
[debug] [2024-12-01T21:47:10.908Z] <<< [apiv2][body] GET https://www.gstatic.com/firebasejs/releases.json {"current":{"version":"11.0.2","browserURL":"https://www.gstatic.com/firebasejs/11.0.2/firebase.js","packageURL":"https://www.gstatic.com/firebasejs/11.0.2/firebase.tgz"},"live":{"version":"11.0","browserURL":"https://www.gstatic.com/firebasejs/live/11.0/firebase.js","packageURL":"https://www.gstatic.com/firebasejs/live/11.0/firebase.tgz"},"components":{"analytics":"https://www.gstatic.com/firebasejs/11.0.2/firebase-analytics.js","app":"https://www.gstatic.com/firebasejs/11.0.2/firebase-app.js","app-check":"https://www.gstatic.com/firebasejs/11.0.2/firebase-app-check.js","auth":"https://www.gstatic.com/firebasejs/11.0.2/firebase-auth.js","auth/cordova":"https://www.gstatic.com/firebasejs/11.0.2/firebase-auth/cordova.js","auth/web-extension":"https://www.gstatic.com/firebasejs/11.0.2/firebase-auth/web-extension.js","functions":"https://www.gstatic.com/firebasejs/11.0.2/firebase-functions.js","firestore":"https://www.gstatic.com/firebasejs/11.0.2/firebase-firestore.js","firestore/lite":"https://www.gstatic.com/firebasejs/11.0.2/firebase-firestore/lite.js","installations":"https://www.gstatic.com/firebasejs/11.0.2/firebase-installations.js","storage":"https://www.gstatic.com/firebasejs/11.0.2/firebase-storage.js","performance":"https://www.gstatic.com/firebasejs/11.0.2/firebase-performance.js","remote-config":"https://www.gstatic.com/firebasejs/11.0.2/firebase-remote-config.js","messaging":"https://www.gstatic.com/firebasejs/11.0.2/firebase-messaging.js","messaging/sw":"https://www.gstatic.com/firebasejs/11.0.2/firebase-messaging/sw.js","database":"https://www.gstatic.com/firebasejs/11.0.2/firebase-database.js","vertexai":"https://www.gstatic.com/firebasejs/11.0.2/firebase-vertexai.js","data-connect":"https://www.gstatic.com/firebasejs/11.0.2/firebase-data-connect.js","firestore.memory":"https://www.gstatic.com/firebasejs/11.0.2/firebase-firestore.memory.js"}}
[debug] [2024-12-01T21:47:11.182Z] Error: ENOTDIR: not a directory, scandir 'C:\Users\abderrahmane\Documents\programing\web\married\public'
    at Object.readdirSync (node:fs:1502:26)
    at Object.createFileSync (C:\Users\abderrahmane\AppData\Roaming\npm\node_modules\firebase-tools\node_modules\fs-extra\lib\ensure\file.js:55:10)
    at Config.writeProjectFile (C:\Users\abderrahmane\AppData\Roaming\npm\node_modules\firebase-tools\lib\config.js:159:12)
    at C:\Users\abderrahmane\AppData\Roaming\npm\node_modules\firebase-tools\lib\config.js:193:22
    at process.processTicksAndRejections (node:internal/process/task_queues:105:5)
    at async doSetup (C:\Users\abderrahmane\AppData\Roaming\npm\node_modules\firebase-tools\lib\init\features\hosting\index.js:177:9)
    at async init (C:\Users\abderrahmane\AppData\Roaming\npm\node_modules\firebase-tools\lib\init\index.js:41:9)
[error] 
[error] Error: An unexpected error has occurred.
[debug] [2024-12-01T21:49:26.208Z] ----------------------------------------------------------------------
[debug] [2024-12-01T21:49:26.212Z] Command:       C:\Program Files\nodejs\node.exe C:\Users\abderrahmane\AppData\Roaming\npm\node_modules\firebase-tools\lib\bin\firebase.js init --debug
[debug] [2024-12-01T21:49:26.212Z] CLI Version:   13.27.0
[debug] [2024-12-01T21:49:26.212Z] Platform:      win32
[debug] [2024-12-01T21:49:26.212Z] Node Version:  v22.11.0
[debug] [2024-12-01T21:49:26.213Z] Time:          Sun Dec 01 2024 22:49:26 GMT+0100 (Central European Standard Time)
[debug] [2024-12-01T21:49:26.213Z] ----------------------------------------------------------------------
[debug] 
[debug] [2024-12-01T21:49:26.221Z] > command requires scopes: ["email","openid","https://www.googleapis.com/auth/cloudplatformprojects.readonly","https://www.googleapis.com/auth/firebase","https://www.googleapis.com/auth/cloud-platform"]
[debug] [2024-12-01T21:49:26.222Z] > authorizing via signed-in user (imloulirealmadrid2006@gmail.com)
[info] 
     ######## #### ########  ######## ########     ###     ######  ########
     ##        ##  ##     ## ##       ##     ##  ##   ##  ##       ##
     ######    ##  ########  ######   ########  #########  ######  ######
     ##        ##  ##    ##  ##       ##     ## ##     ##       ## ##
     ##       #### ##     ## ######## ########  ##     ##  ######  ########

You're about to initialize a Firebase project in this directory:

  C:\Users\abderrahmane\Documents\programing\web\married

[info] 
=== Project Setup
[info] 
[info] First, let's associate this project directory with a Firebase project.
[info] You can create multiple project aliases by running firebase use --add, 
[info] but for now we'll just set up a default project.
[info] 
[debug] [2024-12-01T21:49:37.701Z] Checked if tokens are valid: true, expires at: 1733092713740
[debug] [2024-12-01T21:49:37.702Z] Checked if tokens are valid: true, expires at: 1733092713740
[debug] [2024-12-01T21:49:37.705Z] >>> [apiv2][query] GET https://firebase.googleapis.com/v1beta1/projects pageSize=100
[debug] [2024-12-01T21:49:38.345Z] <<< [apiv2][status] GET https://firebase.googleapis.com/v1beta1/projects 200
[debug] [2024-12-01T21:49:38.346Z] <<< [apiv2][body] GET https://firebase.googleapis.com/v1beta1/projects [omitted]
[info] i  Using project yousraaymenwedding (YousraAymenWedding) 
[info] 
=== Firestore Setup
[debug] [2024-12-01T21:49:41.383Z] Checked if tokens are valid: true, expires at: 1733092713740
[debug] [2024-12-01T21:49:41.384Z] Checked if tokens are valid: true, expires at: 1733092713740
[debug] [2024-12-01T21:49:41.385Z] >>> [apiv2][query] GET https://serviceusage.googleapis.com/v1/projects/yousraaymenwedding/services/firestore.googleapis.com [none]
[debug] [2024-12-01T21:49:41.386Z] >>> [apiv2][(partial)header] GET https://serviceusage.googleapis.com/v1/projects/yousraaymenwedding/services/firestore.googleapis.com x-goog-quota-user=projects/yousraaymenwedding
[debug] [2024-12-01T21:49:42.550Z] <<< [apiv2][status] GET https://serviceusage.googleapis.com/v1/projects/yousraaymenwedding/services/firestore.googleapis.com 200
[debug] [2024-12-01T21:49:42.550Z] <<< [apiv2][body] GET https://serviceusage.googleapis.com/v1/projects/yousraaymenwedding/services/firestore.googleapis.com [omitted]
[debug] [2024-12-01T21:49:42.551Z] Checked if tokens are valid: true, expires at: 1733092713740
[debug] [2024-12-01T21:49:42.551Z] Checked if tokens are valid: true, expires at: 1733092713740
[debug] [2024-12-01T21:49:42.552Z] >>> [apiv2][query] GET https://firestore.googleapis.com/v1/projects/yousraaymenwedding/databases/(default) [none]
[debug] [2024-12-01T21:49:43.490Z] <<< [apiv2][status] GET https://firestore.googleapis.com/v1/projects/yousraaymenwedding/databases/(default) 200
[debug] [2024-12-01T21:49:43.492Z] <<< [apiv2][body] GET https://firestore.googleapis.com/v1/projects/yousraaymenwedding/databases/(default) {"name":"projects/yousraaymenwedding/databases/(default)","uid":"f21c27d5-aafe-4728-8d69-7c64b1e1331e","createTime":"2024-12-01T22:10:35.689011Z","updateTime":"2024-12-01T22:10:35.689011Z","locationId":"nam5","type":"FIRESTORE_NATIVE","concurrencyMode":"PESSIMISTIC","versionRetentionPeriod":"3600s","earliestVersionTime":"2024-12-01T22:10:35.689011Z","appEngineIntegrationMode":"DISABLED","keyPrefix":"s","pointInTimeRecoveryEnablement":"POINT_IN_TIME_RECOVERY_DISABLED","deleteProtectionState":"DELETE_PROTECTION_DISABLED","etag":"ILyI6PvTh4oDMNbexfPLh4oD"}
[debug] [2024-12-01T21:49:43.495Z] database_type: FIRESTORE_NATIVE
[debug] [2024-12-01T21:49:43.496Z] database_type: FIRESTORE_NATIVE
[debug] [2024-12-01T21:49:43.498Z] > command requires scopes: ["email","openid","https://www.googleapis.com/auth/cloudplatformprojects.readonly","https://www.googleapis.com/auth/firebase","https://www.googleapis.com/auth/cloud-platform"]
[debug] [2024-12-01T21:49:43.501Z] > authorizing via signed-in user (imloulirealmadrid2006@gmail.com)
[debug] [2024-12-01T21:49:43.502Z] [iam] checking project yousraaymenwedding for permissions ["firebase.projects.get"]
[debug] [2024-12-01T21:49:43.505Z] Checked if tokens are valid: true, expires at: 1733092713740
[debug] [2024-12-01T21:49:43.506Z] Checked if tokens are valid: true, expires at: 1733092713740
[debug] [2024-12-01T21:49:43.508Z] >>> [apiv2][query] POST https://cloudresourcemanager.googleapis.com/v1/projects/yousraaymenwedding:testIamPermissions [none]
[debug] [2024-12-01T21:49:43.509Z] >>> [apiv2][(partial)header] POST https://cloudresourcemanager.googleapis.com/v1/projects/yousraaymenwedding:testIamPermissions x-goog-quota-user=projects/yousraaymenwedding
[debug] [2024-12-01T21:49:43.510Z] >>> [apiv2][body] POST https://cloudresourcemanager.googleapis.com/v1/projects/yousraaymenwedding:testIamPermissions {"permissions":["firebase.projects.get"]}
[debug] [2024-12-01T21:49:44.442Z] <<< [apiv2][status] POST https://cloudresourcemanager.googleapis.com/v1/projects/yousraaymenwedding:testIamPermissions 200
[debug] [2024-12-01T21:49:44.444Z] <<< [apiv2][body] POST https://cloudresourcemanager.googleapis.com/v1/projects/yousraaymenwedding:testIamPermissions {"permissions":["firebase.projects.get"]}
[info] 
[info] Firestore Security Rules allow you to define how and when to allow
[info] requests. You can keep these rules in your project directory
[info] and publish them with firebase deploy.
[info] 
[debug] [2024-12-01T21:50:00.499Z] Checked if tokens are valid: true, expires at: 1733092713740
[debug] [2024-12-01T21:50:00.500Z] Checked if tokens are valid: true, expires at: 1733092713740
[debug] [2024-12-01T21:50:00.501Z] >>> [apiv2][query] GET https://firebaserules.googleapis.com/v1/projects/yousraaymenwedding/releases pageSize=10&pageToken=
[debug] [2024-12-01T21:50:01.103Z] <<< [apiv2][status] GET https://firebaserules.googleapis.com/v1/projects/yousraaymenwedding/releases 200
[debug] [2024-12-01T21:50:01.104Z] <<< [apiv2][body] GET https://firebaserules.googleapis.com/v1/projects/yousraaymenwedding/releases {"releases":[{"name":"projects/yousraaymenwedding/releases/cloud.firestore","rulesetName":"projects/yousraaymenwedding/rulesets/01907f17-3325-4f62-85ee-381f86f544a5","createTime":"2024-12-01T22:10:42.660731Z","updateTime":"2024-12-01T22:10:42.660731Z"}]}
[debug] [2024-12-01T21:50:01.106Z] Found ruleset: projects/yousraaymenwedding/rulesets/01907f17-3325-4f62-85ee-381f86f544a5
[debug] [2024-12-01T21:50:01.107Z] Checked if tokens are valid: true, expires at: 1733092713740
[debug] [2024-12-01T21:50:01.107Z] Checked if tokens are valid: true, expires at: 1733092713740
[debug] [2024-12-01T21:50:01.108Z] >>> [apiv2][query] GET https://firebaserules.googleapis.com/v1/projects/yousraaymenwedding/rulesets/01907f17-3325-4f62-85ee-381f86f544a5 [none]
[debug] [2024-12-01T21:50:01.816Z] <<< [apiv2][status] GET https://firebaserules.googleapis.com/v1/projects/yousraaymenwedding/rulesets/01907f17-3325-4f62-85ee-381f86f544a5 200
[debug] [2024-12-01T21:50:01.817Z] <<< [apiv2][body] GET https://firebaserules.googleapis.com/v1/projects/yousraaymenwedding/rulesets/01907f17-3325-4f62-85ee-381f86f544a5 [omitted]
[info] 
[info] Firestore indexes allow you to perform complex queries while
[info] maintaining performance that scales with the size of the result
[info] set. You can keep index definitions in your project directory
[info] and publish them with firebase deploy.
[info] 
[debug] [2024-12-01T21:50:20.293Z] Checked if tokens are valid: true, expires at: 1733092713740
[debug] [2024-12-01T21:50:20.294Z] Checked if tokens are valid: true, expires at: 1733092713740
[debug] [2024-12-01T21:50:20.295Z] Checked if tokens are valid: true, expires at: 1733092713740
[debug] [2024-12-01T21:50:20.295Z] Checked if tokens are valid: true, expires at: 1733092713740
[debug] [2024-12-01T21:50:20.296Z] >>> [apiv2][query] GET https://firestore.googleapis.com/v1/projects/yousraaymenwedding/databases/(default)/collectionGroups/-/indexes [none]
[debug] [2024-12-01T21:50:20.301Z] >>> [apiv2][query] GET https://firestore.googleapis.com/v1/projects/yousraaymenwedding/databases/(default)/collectionGroups/-/fields?filter=indexConfig.usesAncestorConfig=false OR ttlConfig:* [none]
[debug] [2024-12-01T21:50:21.179Z] <<< [apiv2][status] GET https://firestore.googleapis.com/v1/projects/yousraaymenwedding/databases/(default)/collectionGroups/-/fields?filter=indexConfig.usesAncestorConfig=false OR ttlConfig:* 200
[debug] [2024-12-01T21:50:21.181Z] <<< [apiv2][body] GET https://firestore.googleapis.com/v1/projects/yousraaymenwedding/databases/(default)/collectionGroups/-/fields?filter=indexConfig.usesAncestorConfig=false OR ttlConfig:* {"fields":[{"name":"projects/yousraaymenwedding/databases/(default)/collectionGroups/__default__/fields/*","indexConfig":{"indexes":[{"queryScope":"COLLECTION","fields":[{"fieldPath":"*","order":"ASCENDING"}],"state":"READY"},{"queryScope":"COLLECTION","fields":[{"fieldPath":"*","order":"DESCENDING"}],"state":"READY"},{"queryScope":"COLLECTION","fields":[{"fieldPath":"*","arrayConfig":"CONTAINS"}],"state":"READY"}]}}]}
[debug] [2024-12-01T21:50:21.240Z] <<< [apiv2][status] GET https://firestore.googleapis.com/v1/projects/yousraaymenwedding/databases/(default)/collectionGroups/-/indexes 200
[debug] [2024-12-01T21:50:21.240Z] <<< [apiv2][body] GET https://firestore.googleapis.com/v1/projects/yousraaymenwedding/databases/(default)/collectionGroups/-/indexes {}
[info] 
=== Hosting Setup
[debug] [2024-12-01T21:50:21.243Z] Checked if tokens are valid: true, expires at: 1733092713740
[debug] [2024-12-01T21:50:21.243Z] Checked if tokens are valid: true, expires at: 1733092713740
[debug] [2024-12-01T21:50:21.244Z] >>> [apiv2][query] GET https://firebase.googleapis.com/v1beta1/projects/yousraaymenwedding [none]
[debug] [2024-12-01T21:50:21.722Z] <<< [apiv2][status] GET https://firebase.googleapis.com/v1beta1/projects/yousraaymenwedding 200
[debug] [2024-12-01T21:50:21.724Z] <<< [apiv2][body] GET https://firebase.googleapis.com/v1beta1/projects/yousraaymenwedding {"projectId":"yousraaymenwedding","projectNumber":"695844665886","displayName":"YousraAymenWedding","name":"projects/yousraaymenwedding","resources":{"hostingSite":"yousraaymenwedding"},"state":"ACTIVE","etag":"1_367075cd-6dd8-4da3-81dc-9c0ab0122950"}
[info] 
[info] Your public directory is the folder (relative to your project directory) that
[info] will contain Hosting assets to be uploaded with firebase deploy. If you
[info] have a build process for your assets, use your build's output directory.
[info] 
[debug] [2024-12-01T21:52:13.160Z] >>> [apiv2][query] GET https://www.gstatic.com/firebasejs/releases.json [none]
[debug] [2024-12-01T21:52:13.413Z] <<< [apiv2][status] GET https://www.gstatic.com/firebasejs/releases.json 200
[debug] [2024-12-01T21:52:13.414Z] <<< [apiv2][body] GET https://www.gstatic.com/firebasejs/releases.json {"current":{"version":"11.0.2","browserURL":"https://www.gstatic.com/firebasejs/11.0.2/firebase.js","packageURL":"https://www.gstatic.com/firebasejs/11.0.2/firebase.tgz"},"live":{"version":"11.0","browserURL":"https://www.gstatic.com/firebasejs/live/11.0/firebase.js","packageURL":"https://www.gstatic.com/firebasejs/live/11.0/firebase.tgz"},"components":{"analytics":"https://www.gstatic.com/firebasejs/11.0.2/firebase-analytics.js","app":"https://www.gstatic.com/firebasejs/11.0.2/firebase-app.js","app-check":"https://www.gstatic.com/firebasejs/11.0.2/firebase-app-check.js","auth":"https://www.gstatic.com/firebasejs/11.0.2/firebase-auth.js","auth/cordova":"https://www.gstatic.com/firebasejs/11.0.2/firebase-auth/cordova.js","auth/web-extension":"https://www.gstatic.com/firebasejs/11.0.2/firebase-auth/web-extension.js","functions":"https://www.gstatic.com/firebasejs/11.0.2/firebase-functions.js","firestore":"https://www.gstatic.com/firebasejs/11.0.2/firebase-firestore.js","firestore/lite":"https://www.gstatic.com/firebasejs/11.0.2/firebase-firestore/lite.js","installations":"https://www.gstatic.com/firebasejs/11.0.2/firebase-installations.js","storage":"https://www.gstatic.com/firebasejs/11.0.2/firebase-storage.js","performance":"https://www.gstatic.com/firebasejs/11.0.2/firebase-performance.js","remote-config":"https://www.gstatic.com/firebasejs/11.0.2/firebase-remote-config.js","messaging":"https://www.gstatic.com/firebasejs/11.0.2/firebase-messaging.js","messaging/sw":"https://www.gstatic.com/firebasejs/11.0.2/firebase-messaging/sw.js","database":"https://www.gstatic.com/firebasejs/11.0.2/firebase-database.js","vertexai":"https://www.gstatic.com/firebasejs/11.0.2/firebase-vertexai.js","data-connect":"https://www.gstatic.com/firebasejs/11.0.2/firebase-data-connect.js","firestore.memory":"https://www.gstatic.com/firebasejs/11.0.2/firebase-firestore.memory.js"}}
[debug] [2024-12-01T21:52:13.707Z] Error: ENOTDIR: not a directory, scandir 'C:\Users\abderrahmane\Documents\programing\web\married\public'
    at Object.readdirSync (node:fs:1502:26)
    at Object.createFileSync (C:\Users\abderrahmane\AppData\Roaming\npm\node_modules\firebase-tools\node_modules\fs-extra\lib\ensure\file.js:55:10)
    at Config.writeProjectFile (C:\Users\abderrahmane\AppData\Roaming\npm\node_modules\firebase-tools\lib\config.js:159:12)
    at C:\Users\abderrahmane\AppData\Roaming\npm\node_modules\firebase-tools\lib\config.js:193:22
    at process.processTicksAndRejections (node:internal/process/task_queues:105:5)
    at async doSetup (C:\Users\abderrahmane\AppData\Roaming\npm\node_modules\firebase-tools\lib\init\features\hosting\index.js:177:9)
    at async init (C:\Users\abderrahmane\AppData\Roaming\npm\node_modules\firebase-tools\lib\init\index.js:41:9)
[error] 
[error] Error: An unexpected error has occurred.
